[03-Jun-2022 06:08:06 UTC] PHP Parse error:  syntax error, unexpected '=', expecting ';' or ',' in C:\Users\yourt\Local Sites\nb\app\public\wp-content\themes\nb\index.php on line 107
[03-Jun-2022 06:08:08 UTC] PHP Parse error:  syntax error, unexpected '=', expecting ';' or ',' in C:\Users\yourt\Local Sites\nb\app\public\wp-content\themes\nb\index.php on line 107
[03-Jun-2022 06:10:06 UTC] PHP Parse error:  syntax error, unexpected '=', expecting ';' or ',' in C:\Users\yourt\Local Sites\nb\app\public\wp-content\themes\nb\index.php on line 107
[03-Jun-2022 06:11:21 UTC] PHP Parse error:  syntax error, unexpected '=', expecting ';' or ',' in C:\Users\yourt\Local Sites\nb\app\public\wp-content\themes\nb\index.php on line 107
[03-Jun-2022 06:11:26 UTC] PHP Parse error:  syntax error, unexpected '=', expecting ';' or ',' in C:\Users\yourt\Local Sites\nb\app\public\wp-content\themes\nb\index.php on line 107
[03-Jun-2022 06:11:27 UTC] PHP Parse error:  syntax error, unexpected '=', expecting ';' or ',' in C:\Users\yourt\Local Sites\nb\app\public\wp-content\themes\nb\index.php on line 107
[03-Jun-2022 06:11:28 UTC] PHP Parse error:  syntax error, unexpected '=', expecting ';' or ',' in C:\Users\yourt\Local Sites\nb\app\public\wp-content\themes\nb\index.php on line 107
[16-Jul-2022 02:06:06 UTC] PHP Fatal error:  Uncaught Error: Call to undefined function get_field() in C:\Users\yourt\Local Sites\nb\app\public\wp-content\themes\nb\archive-profile.php:13
Stack trace:
#0 C:\Users\yourt\Local Sites\nb\app\public\wp-includes\template-loader.php(106): include()
#1 C:\Users\yourt\Local Sites\nb\app\public\wp-blog-header.php(19): require_once('C:\\Users\\yourt\\...')
#2 C:\Users\yourt\Local Sites\nb\app\public\index.php(17): require('C:\\Users\\yourt\\...')
#3 {main}
  thrown in C:\Users\yourt\Local Sites\nb\app\public\wp-content\themes\nb\archive-profile.php on line 13
[16-Jul-2022 02:06:14 UTC] PHP Fatal error:  Uncaught Error: Call to undefined function get_field() in C:\Users\yourt\Local Sites\nb\app\public\wp-content\themes\nb\archive-profile.php:13
Stack trace:
#0 C:\Users\yourt\Local Sites\nb\app\public\wp-includes\template-loader.php(106): include()
#1 C:\Users\yourt\Local Sites\nb\app\public\wp-blog-header.php(19): require_once('C:\\Users\\yourt\\...')
#2 C:\Users\yourt\Local Sites\nb\app\public\index.php(17): require('C:\\Users\\yourt\\...')
#3 {main}
  thrown in C:\Users\yourt\Local Sites\nb\app\public\wp-content\themes\nb\archive-profile.php on line 13
[16-Jul-2022 02:13:15 UTC] PHP Fatal error:  Uncaught Error: Call to undefined function get_field() in C:\Users\yourt\Local Sites\nb\app\public\wp-content\themes\nb\archive-profile.php:13
Stack trace:
#0 C:\Users\yourt\Local Sites\nb\app\public\wp-includes\template-loader.php(106): include()
#1 C:\Users\yourt\Local Sites\nb\app\public\wp-blog-header.php(19): require_once('C:\\Users\\yourt\\...')
#2 C:\Users\yourt\Local Sites\nb\app\public\index.php(17): require('C:\\Users\\yourt\\...')
#3 {main}
  thrown in C:\Users\yourt\Local Sites\nb\app\public\wp-content\themes\nb\archive-profile.php on line 13
[16-Jul-2022 02:13:18 UTC] PHP Fatal error:  Uncaught Error: Call to undefined function get_field() in C:\Users\yourt\Local Sites\nb\app\public\wp-content\themes\nb\archive-profile.php:13
Stack trace:
#0 C:\Users\yourt\Local Sites\nb\app\public\wp-includes\template-loader.php(106): include()
#1 C:\Users\yourt\Local Sites\nb\app\public\wp-blog-header.php(19): require_once('C:\\Users\\yourt\\...')
#2 C:\Users\yourt\Local Sites\nb\app\public\index.php(17): require('C:\\Users\\yourt\\...')
#3 {main}
  thrown in C:\Users\yourt\Local Sites\nb\app\public\wp-content\themes\nb\archive-profile.php on line 13
[16-Jul-2022 02:14:54 UTC] PHP Fatal error:  Uncaught Error: Call to undefined function get_field() in C:\Users\yourt\Local Sites\nb\app\public\wp-content\themes\nb\archive-profile.php:13
Stack trace:
#0 C:\Users\yourt\Local Sites\nb\app\public\wp-includes\template-loader.php(106): include()
#1 C:\Users\yourt\Local Sites\nb\app\public\wp-blog-header.php(19): require_once('C:\\Users\\yourt\\...')
#2 C:\Users\yourt\Local Sites\nb\app\public\index.php(17): require('C:\\Users\\yourt\\...')
#3 {main}
  thrown in C:\Users\yourt\Local Sites\nb\app\public\wp-content\themes\nb\archive-profile.php on line 13
[16-Jul-2022 13:16:22 UTC] PHP Parse error:  syntax error, unexpected '}', expecting elseif (T_ELSEIF) or else (T_ELSE) or endif (T_ENDIF) in C:\Users\yourt\Local Sites\nb\app\public\wp-content\themes\nb\archive-profile.php on line 25
[16-Jul-2022 13:54:46 UTC] PHP Fatal error:  Uncaught Error: Call to undefined function get_filed() in C:\Users\yourt\Local Sites\nb\app\public\wp-content\themes\nb\archive-profile.php:12
Stack trace:
#0 C:\Users\yourt\Local Sites\nb\app\public\wp-includes\template-loader.php(106): include()
#1 C:\Users\yourt\Local Sites\nb\app\public\wp-blog-header.php(19): require_once('C:\\Users\\yourt\\...')
#2 C:\Users\yourt\Local Sites\nb\app\public\index.php(17): require('C:\\Users\\yourt\\...')
#3 {main}
  thrown in C:\Users\yourt\Local Sites\nb\app\public\wp-content\themes\nb\archive-profile.php on line 12
[16-Jul-2022 13:55:33 UTC] PHP Fatal error:  Uncaught Error: Call to undefined function get_filed() in C:\Users\yourt\Local Sites\nb\app\public\wp-content\themes\nb\archive-profile.php:12
Stack trace:
#0 C:\Users\yourt\Local Sites\nb\app\public\wp-includes\template-loader.php(106): include()
#1 C:\Users\yourt\Local Sites\nb\app\public\wp-blog-header.php(19): require_once('C:\\Users\\yourt\\...')
#2 C:\Users\yourt\Local Sites\nb\app\public\index.php(17): require('C:\\Users\\yourt\\...')
#3 {main}
  thrown in C:\Users\yourt\Local Sites\nb\app\public\wp-content\themes\nb\archive-profile.php on line 12
[16-Jul-2022 13:55:36 UTC] PHP Fatal error:  Uncaught Error: Call to undefined function get_filed() in C:\Users\yourt\Local Sites\nb\app\public\wp-content\themes\nb\archive-profile.php:12
Stack trace:
#0 C:\Users\yourt\Local Sites\nb\app\public\wp-includes\template-loader.php(106): include()
#1 C:\Users\yourt\Local Sites\nb\app\public\wp-blog-header.php(19): require_once('C:\\Users\\yourt\\...')
#2 C:\Users\yourt\Local Sites\nb\app\public\index.php(17): require('C:\\Users\\yourt\\...')
#3 {main}
  thrown in C:\Users\yourt\Local Sites\nb\app\public\wp-content\themes\nb\archive-profile.php on line 12
[16-Jul-2022 13:57:09 UTC] PHP Fatal error:  Uncaught Error: Call to undefined function get_filed() in C:\Users\yourt\Local Sites\nb\app\public\wp-content\themes\nb\archive-profile.php:12
Stack trace:
#0 C:\Users\yourt\Local Sites\nb\app\public\wp-includes\template-loader.php(106): include()
#1 C:\Users\yourt\Local Sites\nb\app\public\wp-blog-header.php(19): require_once('C:\\Users\\yourt\\...')
#2 C:\Users\yourt\Local Sites\nb\app\public\index.php(17): require('C:\\Users\\yourt\\...')
#3 {main}
  thrown in C:\Users\yourt\Local Sites\nb\app\public\wp-content\themes\nb\archive-profile.php on line 12
[16-Jul-2022 13:57:29 UTC] PHP Fatal error:  Uncaught Error: Call to undefined function get_filed() in C:\Users\yourt\Local Sites\nb\app\public\wp-content\themes\nb\archive-profile.php:12
Stack trace:
#0 C:\Users\yourt\Local Sites\nb\app\public\wp-includes\template-loader.php(106): include()
#1 C:\Users\yourt\Local Sites\nb\app\public\wp-blog-header.php(19): require_once('C:\\Users\\yourt\\...')
#2 C:\Users\yourt\Local Sites\nb\app\public\index.php(17): require('C:\\Users\\yourt\\...')
#3 {main}
  thrown in C:\Users\yourt\Local Sites\nb\app\public\wp-content\themes\nb\archive-profile.php on line 12
[16-Jul-2022 14:06:56 UTC] PHP Parse error:  syntax error, unexpected '<', expecting '(' in C:\Users\yourt\Local Sites\nb\app\public\wp-content\themes\nb\archive-profile.php on line 16
[27-Jul-2022 09:02:20 UTC] PHP Parse error:  syntax error, unexpected 'endif' (T_ENDIF), expecting end of file in C:\Users\yourt\Local Sites\nb\app\public\wp-content\themes\nb\archive-contact.php on line 2
[07-Aug-2022 07:06:33 UTC] PHP Fatal error:  Uncaught Error: Call to undefined function the_post_sub_image() in C:\Users\yourt\Local Sites\nb\app\public\wp-content\themes\nb\page-profiles.php:154
Stack trace:
#0 C:\Users\yourt\Local Sites\nb\app\public\wp-includes\template-loader.php(106): include()
#1 C:\Users\yourt\Local Sites\nb\app\public\wp-blog-header.php(19): require_once('C:\\Users\\yourt\\...')
#2 C:\Users\yourt\Local Sites\nb\app\public\index.php(17): require('C:\\Users\\yourt\\...')
#3 {main}
  thrown in C:\Users\yourt\Local Sites\nb\app\public\wp-content\themes\nb\page-profiles.php on line 154
[07-Aug-2022 07:06:41 UTC] PHP Fatal error:  Uncaught Error: Call to undefined function the_post_sub_image() in C:\Users\yourt\Local Sites\nb\app\public\wp-content\themes\nb\page-profiles.php:154
Stack trace:
#0 C:\Users\yourt\Local Sites\nb\app\public\wp-includes\template-loader.php(106): include()
#1 C:\Users\yourt\Local Sites\nb\app\public\wp-blog-header.php(19): require_once('C:\\Users\\yourt\\...')
#2 C:\Users\yourt\Local Sites\nb\app\public\index.php(17): require('C:\\Users\\yourt\\...')
#3 {main}
  thrown in C:\Users\yourt\Local Sites\nb\app\public\wp-content\themes\nb\page-profiles.php on line 154
[07-Aug-2022 07:06:53 UTC] PHP Fatal error:  Uncaught Error: Call to undefined function the_post_sub_image() in C:\Users\yourt\Local Sites\nb\app\public\wp-content\themes\nb\page-profiles.php:154
Stack trace:
#0 C:\Users\yourt\Local Sites\nb\app\public\wp-includes\template-loader.php(106): include()
#1 C:\Users\yourt\Local Sites\nb\app\public\wp-blog-header.php(19): require_once('C:\\Users\\yourt\\...')
#2 C:\Users\yourt\Local Sites\nb\app\public\index.php(17): require('C:\\Users\\yourt\\...')
#3 {main}
  thrown in C:\Users\yourt\Local Sites\nb\app\public\wp-content\themes\nb\page-profiles.php on line 154
[07-Aug-2022 07:07:36 UTC] PHP Fatal error:  Uncaught Error: Call to undefined function the_sub_image() in C:\Users\yourt\Local Sites\nb\app\public\wp-content\themes\nb\page-profiles.php:154
Stack trace:
#0 C:\Users\yourt\Local Sites\nb\app\public\wp-includes\template-loader.php(106): include()
#1 C:\Users\yourt\Local Sites\nb\app\public\wp-blog-header.php(19): require_once('C:\\Users\\yourt\\...')
#2 C:\Users\yourt\Local Sites\nb\app\public\index.php(17): require('C:\\Users\\yourt\\...')
#3 {main}
  thrown in C:\Users\yourt\Local Sites\nb\app\public\wp-content\themes\nb\page-profiles.php on line 154
